  Brick.cpp
C:\Users\ASUS\Desktop\SFML Programming\deneme1\Deneme\Brick.cpp(23,26): warning C4305: 'argument': truncation from 'double' to 'float'
C:\Users\ASUS\Desktop\SFML Programming\deneme1\Deneme\Brick.cpp(24,61): warning C4244: 'argument': conversion from 'float' to 'T', possible loss of data
          with
          [
              T=int
          ]
C:\Users\ASUS\Desktop\SFML Programming\deneme1\Deneme\Brick.cpp(24,53): warning C4244: 'argument': conversion from 'float' to 'T', possible loss of data
          with
          [
              T=int
          ]
C:\Users\ASUS\Desktop\SFML Programming\deneme1\Deneme\Brick.cpp(24,45): warning C4244: 'argument': conversion from 'float' to 'T', possible loss of data
          with
          [
              T=int
          ]
C:\Users\ASUS\Desktop\SFML Programming\deneme1\Deneme\Brick.cpp(24,37): warning C4244: 'argument': conversion from 'float' to 'T', possible loss of data
          with
          [
              T=int
          ]
C:\Users\ASUS\Desktop\SFML Programming\deneme1\Deneme\Brick.cpp(42,26): warning C4305: 'argument': truncation from 'double' to 'float'
C:\Users\ASUS\Desktop\SFML Programming\deneme1\Deneme\Brick.cpp(43,61): warning C4244: 'argument': conversion from 'float' to 'T', possible loss of data
          with
          [
              T=int
          ]
C:\Users\ASUS\Desktop\SFML Programming\deneme1\Deneme\Brick.cpp(43,53): warning C4244: 'argument': conversion from 'float' to 'T', possible loss of data
          with
          [
              T=int
          ]
C:\Users\ASUS\Desktop\SFML Programming\deneme1\Deneme\Brick.cpp(43,45): warning C4244: 'argument': conversion from 'float' to 'T', possible loss of data
          with
          [
              T=int
          ]
C:\Users\ASUS\Desktop\SFML Programming\deneme1\Deneme\Brick.cpp(43,37): warning C4244: 'argument': conversion from 'float' to 'T', possible loss of data
          with
          [
              T=int
          ]
  Scene.cpp
  Generating Code...
  Deneme.vcxproj -> C:\Users\ASUS\Desktop\SFML Programming\Dependencies\bin\Deneme.exe
